2023-11-05T21:51:18.556+0700 [DEBUG] [org.gradle.launcher.daemon.bootstrap.DaemonMain] Assuming the daemon was started with following jvm opts: [--add-opens=java.base/java.util=ALL-UNNAMED, --add-opens=java.base/java.lang=ALL-UNNAMED, --add-opens=java.base/java.lang.invoke=ALL-UNNAMED, --add-opens=java.prefs/java.util.prefs=ALL-UNNAMED, --add-opens=java.base/java.nio.charset=ALL-UNNAMED, --add-opens=java.base/java.net=ALL-UNNAMED, --add-opens=java.base/java.util.concurrent.atomic=ALL-UNNAMED, -Xmx2048m, -Dfile.encoding=UTF-8, -Duser.country=US, -Duser.language=en, -Duser.variant]
2023-11-05T21:51:18.719+0700 [DEBUG] [org.gradle.internal.nativeintegration.services.NativeServices] Native-platform posix files integration is not available. Continuing with fallback.
2023-11-05T21:51:18.732+0700 [INFO] [org.gradle.launcher.daemon.server.Daemon] start() called on daemon - DefaultDaemonContext[uid=e5804fb0-186f-48a0-a2e6-7cf18786f1e8,javaHome=C:\Program Files\Android\Android Studio\jbr,daemonRegistryDir=C:\Users\mavie\AndroidStudioProjects\New folder\Nhom6-123LTTD02\LockMoney\daemon,pid=18228,idleTimeout=10800000,priority=NORMAL,daemonOpts=--add-opens=java.base/java.util=ALL-UNNAMED,--add-opens=java.base/java.lang=ALL-UNNAMED,--add-opens=java.base/java.lang.invoke=ALL-UNNAMED,--add-opens=java.prefs/java.util.prefs=ALL-UNNAMED,--add-opens=java.base/java.nio.charset=ALL-UNNAMED,--add-opens=java.base/java.net=ALL-UNNAMED,--add-opens=java.base/java.util.concurrent.atomic=ALL-UNNAMED,-Xmx2048m,-Dfile.encoding=UTF-8,-Duser.country=US,-Duser.language=en,-Duser.variant]
2023-11-05T21:51:18.817+0700 [DEBUG] [org.gradle.internal.remote.internal.inet.InetAddresses] Adding IP addresses for network interface Software Loopback Interface 1
2023-11-05T21:51:18.819+0700 [DEBUG] [org.gradle.internal.remote.internal.inet.InetAddresses] Is this a loopback interface? true
2023-11-05T21:51:18.819+0700 [DEBUG] [org.gradle.internal.remote.internal.inet.InetAddresses] Adding loopback address /127.0.0.1
2023-11-05T21:51:18.819+0700 [DEBUG] [org.gradle.internal.remote.internal.inet.InetAddresses] Adding loopback address /0:0:0:0:0:0:0:1
2023-11-05T21:51:18.820+0700 [DEBUG] [org.gradle.internal.remote.internal.inet.InetAddresses] Adding IP addresses for network interface Microsoft 6to4 Adapter
2023-11-05T21:51:18.822+0700 [DEBUG] [org.gradle.internal.remote.internal.inet.InetAddresses] Is this a loopback interface? false
2023-11-05T21:51:18.822+0700 [DEBUG] [org.gradle.internal.remote.internal.inet.InetAddresses] Adding IP addresses for network interface Realtek PCIe GbE Family Controller
2023-11-05T21:51:18.823+0700 [DEBUG] [org.gradle.internal.remote.internal.inet.InetAddresses] Is this a loopback interface? false
2023-11-05T21:51:18.824+0700 [DEBUG] [org.gradle.internal.remote.internal.inet.InetAddresses] Adding remote address /fe80:0:0:0:3806:8c14:52b4:7e48%eth0
2023-11-05T21:51:18.824+0700 [DEBUG] [org.gradle.internal.remote.internal.inet.InetAddresses] Adding IP addresses for network interface Microsoft IP-HTTPS Platform Adapter
2023-11-05T21:51:18.826+0700 [DEBUG] [org.gradle.internal.remote.internal.inet.InetAddresses] Is this a loopback interface? false
2023-11-05T21:51:18.827+0700 [DEBUG] [org.gradle.internal.remote.internal.inet.InetAddresses] Adding IP addresses for network interface Realtek PCIe GbE Family Controller-WFP Native MAC Layer LightWeight Filter-0000
2023-11-05T21:51:18.828+0700 [DEBUG] [org.gradle.internal.remote.internal.inet.InetAddresses] Is this a loopback interface? false
2023-11-05T21:51:18.829+0700 [DEBUG] [org.gradle.internal.remote.internal.inet.InetAddresses] Adding IP addresses for network interface Microsoft Wi-Fi Direct Virtual Adapter #2
2023-11-05T21:51:18.830+0700 [DEBUG] [org.gradle.internal.remote.internal.inet.InetAddresses] Is this a loopback interface? false
2023-11-05T21:51:18.831+0700 [DEBUG] [org.gradle.internal.remote.internal.inet.InetAddresses] Adding remote address /fe80:0:0:0:b57d:9be3:e6b1:2867%wlan0
2023-11-05T21:51:18.831+0700 [DEBUG] [org.gradle.internal.remote.internal.inet.InetAddresses] Adding IP addresses for network interface MediaTek Wi-Fi 6 MT7921 Wireless LAN Card
2023-11-05T21:51:18.832+0700 [DEBUG] [org.gradle.internal.remote.internal.inet.InetAddresses] Is this a loopback interface? false
2023-11-05T21:51:18.832+0700 [DEBUG] [org.gradle.internal.remote.internal.inet.InetAddresses] Adding remote address /192.168.1.3
2023-11-05T21:51:18.833+0700 [DEBUG] [org.gradle.internal.remote.internal.inet.InetAddresses] Adding remote address /2001:ee0:4b7b:d8b0:2da8:bb01:c7c:7a1a
2023-11-05T21:51:18.833+0700 [DEBUG] [org.gradle.internal.remote.internal.inet.InetAddresses] Adding remote address /2001:ee0:4b7b:d8b0:20c8:3b20:bc70:57ca
2023-11-05T21:51:18.833+0700 [DEBUG] [org.gradle.internal.remote.internal.inet.InetAddresses] Adding remote address /fe80:0:0:0:f2cb:6ba7:28b8:150e%wlan1
2023-11-05T21:51:18.833+0700 [DEBUG] [org.gradle.internal.remote.internal.inet.InetAddresses] Adding IP addresses for network interface Realtek PCIe GbE Family Controller-QoS Packet Scheduler-0000
2023-11-05T21:51:18.835+0700 [DEBUG] [org.gradle.internal.remote.internal.inet.InetAddresses] Is this a loopback interface? false
2023-11-05T21:51:18.835+0700 [DEBUG] [org.gradle.internal.remote.internal.inet.InetAddresses] Adding IP addresses for network interface Realtek PCIe GbE Family Controller-WFP 802.3 MAC Layer LightWeight Filter-0000
2023-11-05T21:51:18.836+0700 [DEBUG] [org.gradle.internal.remote.internal.inet.InetAddresses] Is this a loopback interface? false
2023-11-05T21:51:18.836+0700 [DEBUG] [org.gradle.internal.remote.internal.inet.InetAddresses] Adding IP addresses for network interface Microsoft Teredo Tunneling Adapter
2023-11-05T21:51:18.838+0700 [DEBUG] [org.gradle.internal.remote.internal.inet.InetAddresses] Is this a loopback interface? false
2023-11-05T21:51:18.838+0700 [DEBUG] [org.gradle.internal.remote.internal.inet.InetAddresses] Adding IP addresses for network interface WAN Miniport (PPTP)
2023-11-05T21:51:18.841+0700 [DEBUG] [org.gradle.internal.remote.internal.inet.InetAddresses] Is this a loopback interface? false
2023-11-05T21:51:18.841+0700 [DEBUG] [org.gradle.internal.remote.internal.inet.InetAddresses] Adding IP addresses for network interface WAN Miniport (IKEv2)
2023-11-05T21:51:18.843+0700 [DEBUG] [org.gradle.internal.remote.internal.inet.InetAddresses] Is this a loopback interface? false
2023-11-05T21:51:18.844+0700 [DEBUG] [org.gradle.internal.remote.internal.inet.InetAddresses] Adding IP addresses for network interface Microsoft Wi-Fi Direct Virtual Adapter
2023-11-05T21:51:18.845+0700 [DEBUG] [org.gradle.internal.remote.internal.inet.InetAddresses] Is this a loopback interface? false
2023-11-05T21:51:18.846+0700 [DEBUG] [org.gradle.internal.remote.internal.inet.InetAddresses] Adding remote address /fe80:0:0:0:5f0b:bd19:5a90:1a18%wlan2
2023-11-05T21:51:18.846+0700 [DEBUG] [org.gradle.internal.remote.internal.inet.InetAddresses] Adding IP addresses for network interface WAN Miniport (L2TP)
2023-11-05T21:51:18.847+0700 [DEBUG] [org.gradle.internal.remote.internal.inet.InetAddresses] Is this a loopback interface? false
2023-11-05T21:51:18.848+0700 [DEBUG] [org.gradle.internal.remote.internal.inet.InetAddresses] Adding IP addresses for network interface WAN Miniport (IPv6)
2023-11-05T21:51:18.849+0700 [DEBUG] [org.gradle.internal.remote.internal.inet.InetAddresses] Is this a loopback interface? false
2023-11-05T21:51:18.850+0700 [DEBUG] [org.gradle.internal.remote.internal.inet.InetAddresses] Adding IP addresses for network interface Microsoft Kernel Debug Network Adapter
2023-11-05T21:51:18.852+0700 [DEBUG] [org.gradle.internal.remote.internal.inet.InetAddresses] Is this a loopback interface? false
2023-11-05T21:51:18.852+0700 [DEBUG] [org.gradle.internal.remote.internal.inet.InetAddresses] Adding IP addresses for network interface WAN Miniport (PPPOE)
2023-11-05T21:51:18.854+0700 [DEBUG] [org.gradle.internal.remote.internal.inet.InetAddresses] Is this a loopback interface? false
2023-11-05T21:51:18.855+0700 [DEBUG] [org.gradle.internal.remote.internal.inet.InetAddresses] Adding IP addresses for network interface WAN Miniport (Network Monitor)
2023-11-05T21:51:18.856+0700 [DEBUG] [org.gradle.internal.remote.internal.inet.InetAddresses] Is this a loopback interface? false
2023-11-05T21:51:18.857+0700 [DEBUG] [org.gradle.internal.remote.internal.inet.InetAddresses] Adding IP addresses for network interface Bluetooth Device (Personal Area Network)
2023-11-05T21:51:18.860+0700 [DEBUG] [org.gradle.internal.remote.internal.inet.InetAddresses] Is this a loopback interface? false
2023-11-05T21:51:18.860+0700 [DEBUG] [org.gradle.internal.remote.internal.inet.InetAddresses] Adding IP addresses for network interface WAN Miniport (IP)
2023-11-05T21:51:18.861+0700 [DEBUG] [org.gradle.internal.remote.internal.inet.InetAddresses] Is this a loopback interface? false
2023-11-05T21:51:18.862+0700 [DEBUG] [org.gradle.internal.remote.internal.inet.InetAddresses] Adding IP addresses for network interface WAN Miniport (SSTP)
2023-11-05T21:51:18.863+0700 [DEBUG] [org.gradle.internal.remote.internal.inet.InetAddresses] Is this a loopback interface? false
2023-11-05T21:51:18.864+0700 [DEBUG] [org.gradle.internal.remote.internal.inet.InetAddresses] Adding IP addresses for network interface MediaTek Wi-Fi 6 MT7921 Wireless LAN Card-WFP Native MAC Layer LightWeight Filter-0000
2023-11-05T21:51:18.866+0700 [DEBUG] [org.gradle.internal.remote.internal.inet.InetAddresses] Is this a loopback interface? false
2023-11-05T21:51:18.866+0700 [DEBUG] [org.gradle.internal.remote.internal.inet.InetAddresses] Adding IP addresses for network interface MediaTek Wi-Fi 6 MT7921 Wireless LAN Card-Virtual WiFi Filter Driver-0000
2023-11-05T21:51:18.868+0700 [DEBUG] [org.gradle.internal.remote.internal.inet.InetAddresses] Is this a loopback interface? false
2023-11-05T21:51:18.868+0700 [DEBUG] [org.gradle.internal.remote.internal.inet.InetAddresses] Adding IP addresses for network interface MediaTek Wi-Fi 6 MT7921 Wireless LAN Card-Native WiFi Filter Driver-0000
2023-11-05T21:51:18.869+0700 [DEBUG] [org.gradle.internal.remote.internal.inet.InetAddresses] Is this a loopback interface? false
2023-11-05T21:51:18.869+0700 [DEBUG] [org.gradle.internal.remote.internal.inet.InetAddresses] Adding IP addresses for network interface MediaTek Wi-Fi 6 MT7921 Wireless LAN Card-QoS Packet Scheduler-0000
2023-11-05T21:51:18.871+0700 [DEBUG] [org.gradle.internal.remote.internal.inet.InetAddresses] Is this a loopback interface? false
2023-11-05T21:51:18.872+0700 [DEBUG] [org.gradle.internal.remote.internal.inet.InetAddresses] Adding IP addresses for network interface MediaTek Wi-Fi 6 MT7921 Wireless LAN Card-WFP 802.3 MAC Layer LightWeight Filter-0000
2023-11-05T21:51:18.873+0700 [DEBUG] [org.gradle.internal.remote.internal.inet.InetAddresses] Is this a loopback interface? false
2023-11-05T21:51:18.873+0700 [DEBUG] [org.gradle.internal.remote.internal.inet.InetAddresses] Adding IP addresses for network interface Microsoft Wi-Fi Direct Virtual Adapter-WFP Native MAC Layer LightWeight Filter-0000
2023-11-05T21:51:18.875+0700 [DEBUG] [org.gradle.internal.remote.internal.inet.InetAddresses] Is this a loopback interface? false
2023-11-05T21:51:18.875+0700 [DEBUG] [org.gradle.internal.remote.internal.inet.InetAddresses] Adding IP addresses for network interface Microsoft Wi-Fi Direct Virtual Adapter-Native WiFi Filter Driver-0000
2023-11-05T21:51:18.877+0700 [DEBUG] [org.gradle.internal.remote.internal.inet.InetAddresses] Is this a loopback interface? false
2023-11-05T21:51:18.877+0700 [DEBUG] [org.gradle.internal.remote.internal.inet.InetAddresses] Adding IP addresses for network interface Microsoft Wi-Fi Direct Virtual Adapter-QoS Packet Scheduler-0000
2023-11-05T21:51:18.878+0700 [DEBUG] [org.gradle.internal.remote.internal.inet.InetAddresses] Is this a loopback interface? false
2023-11-05T21:51:18.878+0700 [DEBUG] [org.gradle.internal.remote.internal.inet.InetAddresses] Adding IP addresses for network interface Microsoft Wi-Fi Direct Virtual Adapter-WFP 802.3 MAC Layer LightWeight Filter-0000
2023-11-05T21:51:18.879+0700 [DEBUG] [org.gradle.internal.remote.internal.inet.InetAddresses] Is this a loopback interface? false
2023-11-05T21:51:18.880+0700 [DEBUG] [org.gradle.internal.remote.internal.inet.InetAddresses] Adding IP addresses for network interface TAP-Windows Adapter V9-WFP Native MAC Layer LightWeight Filter-0000
2023-11-05T21:51:18.881+0700 [DEBUG] [org.gradle.internal.remote.internal.inet.InetAddresses] Is this a loopback interface? false
2023-11-05T21:51:18.881+0700 [DEBUG] [org.gradle.internal.remote.internal.inet.InetAddresses] Adding IP addresses for network interface TAP-Windows Adapter V9
2023-11-05T21:51:18.883+0700 [DEBUG] [org.gradle.internal.remote.internal.inet.InetAddresses] Is this a loopback interface? false
2023-11-05T21:51:18.883+0700 [DEBUG] [org.gradle.internal.remote.internal.inet.InetAddresses] Adding remote address /10.9.9.2
2023-11-05T21:51:18.883+0700 [DEBUG] [org.gradle.internal.remote.internal.inet.InetAddresses] Adding remote address /fe80:0:0:0:fc94:1214:a999:c847%eth10
2023-11-05T21:51:18.884+0700 [DEBUG] [org.gradle.internal.remote.internal.inet.InetAddresses] Adding IP addresses for network interface TAP-Windows Adapter V9-QoS Packet Scheduler-0000
2023-11-05T21:51:18.885+0700 [DEBUG] [org.gradle.internal.remote.internal.inet.InetAddresses] Is this a loopback interface? false
2023-11-05T21:51:18.885+0700 [DEBUG] [org.gradle.internal.remote.internal.inet.InetAddresses] Adding IP addresses for network interface TAP-Windows Adapter V9-WFP 802.3 MAC Layer LightWeight Filter-0000
2023-11-05T21:51:18.886+0700 [DEBUG] [org.gradle.internal.remote.internal.inet.InetAddresses] Is this a loopback interface? false
2023-11-05T21:51:18.887+0700 [DEBUG] [org.gradle.internal.remote.internal.inet.InetAddresses] Adding IP addresses for network interface WAN Miniport (IP)-WFP Native MAC Layer LightWeight Filter-0000
2023-11-05T21:51:18.888+0700 [DEBUG] [org.gradle.internal.remote.internal.inet.InetAddresses] Is this a loopback interface? false
2023-11-05T21:51:18.888+0700 [DEBUG] [org.gradle.internal.remote.internal.inet.InetAddresses] Adding IP addresses for network interface WAN Miniport (IP)-QoS Packet Scheduler-0000
2023-11-05T21:51:18.889+0700 [DEBUG] [org.gradle.internal.remote.internal.inet.InetAddresses] Is this a loopback interface? false
2023-11-05T21:51:18.890+0700 [DEBUG] [org.gradle.internal.remote.internal.inet.InetAddresses] Adding IP addresses for network interface WAN Miniport (Network Monitor)-WFP Native MAC Layer LightWeight Filter-0000
2023-11-05T21:51:18.891+0700 [DEBUG] [org.gradle.internal.remote.internal.inet.InetAddresses] Is this a loopback interface? false
2023-11-05T21:51:18.891+0700 [DEBUG] [org.gradle.internal.remote.internal.inet.InetAddresses] Adding IP addresses for network interface WAN Miniport (IPv6)-WFP Native MAC Layer LightWeight Filter-0000
2023-11-05T21:51:18.893+0700 [DEBUG] [org.gradle.internal.remote.internal.inet.InetAddresses] Is this a loopback interface? false
2023-11-05T21:51:18.893+0700 [DEBUG] [org.gradle.internal.remote.internal.inet.InetAddresses] Adding IP addresses for network interface WAN Miniport (Network Monitor)-QoS Packet Scheduler-0000
2023-11-05T21:51:18.895+0700 [DEBUG] [org.gradle.internal.remote.internal.inet.InetAddresses] Is this a loopback interface? false
2023-11-05T21:51:18.896+0700 [DEBUG] [org.gradle.internal.remote.internal.inet.InetAddresses] Adding IP addresses for network interface WAN Miniport (IPv6)-QoS Packet Scheduler-0000
2023-11-05T21:51:18.897+0700 [DEBUG] [org.gradle.internal.remote.internal.inet.InetAddresses] Is this a loopback interface? false
2023-11-05T21:51:18.897+0700 [DEBUG] [org.gradle.internal.remote.internal.inet.InetAddresses] Adding IP addresses for network interface Microsoft Wi-Fi Direct Virtual Adapter #2-WFP Native MAC Layer LightWeight Filter-0000
2023-11-05T21:51:18.899+0700 [DEBUG] [org.gradle.internal.remote.internal.inet.InetAddresses] Is this a loopback interface? false
2023-11-05T21:51:18.899+0700 [DEBUG] [org.gradle.internal.remote.internal.inet.InetAddresses] Adding IP addresses for network interface Microsoft Wi-Fi Direct Virtual Adapter #2-Native WiFi Filter Driver-0000
2023-11-05T21:51:18.901+0700 [DEBUG] [org.gradle.internal.remote.internal.inet.InetAddresses] Is this a loopback interface? false
2023-11-05T21:51:18.901+0700 [DEBUG] [org.gradle.internal.remote.internal.inet.InetAddresses] Adding IP addresses for network interface Microsoft Wi-Fi Direct Virtual Adapter #2-QoS Packet Scheduler-0000
2023-11-05T21:51:18.903+0700 [DEBUG] [org.gradle.internal.remote.internal.inet.InetAddresses] Is this a loopback interface? false
2023-11-05T21:51:18.903+0700 [DEBUG] [org.gradle.internal.remote.internal.inet.InetAddresses] Adding IP addresses for network interface Microsoft Wi-Fi Direct Virtual Adapter #2-WFP 802.3 MAC Layer LightWeight Filter-0000
2023-11-05T21:51:18.905+0700 [DEBUG] [org.gradle.internal.remote.internal.inet.InetAddresses] Is this a loopback interface? false
2023-11-05T21:51:18.909+0700 [DEBUG] [org.gradle.internal.remote.internal.inet.TcpIncomingConnector] Listening on [7d8da0db-1bcb-4d4f-a906-f0530d0c9abc port:51430, addresses:[localhost/127.0.0.1]].
2023-11-05T21:51:18.917+0700 [DEBUG] [org.gradle.launcher.daemon.server.Daemon] Daemon starting at: Sun Nov 05 21:51:18 ICT 2023, with address: [7d8da0db-1bcb-4d4f-a906-f0530d0c9abc port:51430, addresses:[localhost/127.0.0.1]]
2023-11-05T21:51:18.917+0700 [INFO] [org.gradle.launcher.daemon.server.DaemonRegistryUpdater] Advertising the daemon address to the clients: [7d8da0db-1bcb-4d4f-a906-f0530d0c9abc port:51430, addresses:[localhost/127.0.0.1]]
2023-11-05T21:51:18.917+0700 [DEBUG] [org.gradle.launcher.daemon.server.DaemonRegistryUpdater] Advertised daemon context: DefaultDaemonContext[uid=e5804fb0-186f-48a0-a2e6-7cf18786f1e8,javaHome=C:\Program Files\Android\Android Studio\jbr,daemonRegistryDir=C:\Users\mavie\AndroidStudioProjects\New folder\Nhom6-123LTTD02\LockMoney\daemon,pid=18228,idleTimeout=10800000,priority=NORMAL,daemonOpts=--add-opens=java.base/java.util=ALL-UNNAMED,--add-opens=java.base/java.lang=ALL-UNNAMED,--add-opens=java.base/java.lang.invoke=ALL-UNNAMED,--add-opens=java.prefs/java.util.prefs=ALL-UNNAMED,--add-opens=java.base/java.nio.charset=ALL-UNNAMED,--add-opens=java.base/java.net=ALL-UNNAMED,--add-opens=java.base/java.util.concurrent.atomic=ALL-UNNAMED,-Xmx2048m,-Dfile.encoding=UTF-8,-Duser.country=US,-Duser.language=en,-Duser.variant]
2023-11-05T21:51:18.918+0700 [DEBUG] [org.gradle.launcher.daemon.registry.PersistentDaemonRegistry] Storing daemon address: [7d8da0db-1bcb-4d4f-a906-f0530d0c9abc port:51430, addresses:[localhost/127.0.0.1]], context: DefaultDaemonContext[uid=e5804fb0-186f-48a0-a2e6-7cf18786f1e8,javaHome=C:\Program Files\Android\Android Studio\jbr,daemonRegistryDir=C:\Users\mavie\AndroidStudioProjects\New folder\Nhom6-123LTTD02\LockMoney\daemon,pid=18228,idleTimeout=10800000,priority=NORMAL,daemonOpts=--add-opens=java.base/java.util=ALL-UNNAMED,--add-opens=java.base/java.lang=ALL-UNNAMED,--add-opens=java.base/java.lang.invoke=ALL-UNNAMED,--add-opens=java.prefs/java.util.prefs=ALL-UNNAMED,--add-opens=java.base/java.nio.charset=ALL-UNNAMED,--add-opens=java.base/java.net=ALL-UNNAMED,--add-opens=java.base/java.util.concurrent.atomic=ALL-UNNAMED,-Xmx2048m,-Dfile.encoding=UTF-8,-Duser.country=US,-Duser.language=en,-Duser.variant]
2023-11-05T21:51:18.929+0700 [DEBUG] [org.gradle.cache.internal.DefaultFileLockManager] Waiting to acquire exclusive lock on daemon addresses registry.
2023-11-05T21:51:18.932+0700 [DEBUG] [org.gradle.cache.internal.DefaultFileLockManager] Lock acquired on daemon addresses registry.
2023-11-05T21:51:18.940+0700 [DEBUG] [org.gradle.cache.internal.DefaultFileLockManager] Releasing lock on daemon addresses registry.
2023-11-05T21:51:18.940+0700 [LIFECYCLE] [org.gradle.launcher.daemon.server.Daemon] Daemon server started.
2023-11-05T21:51:18.942+0700 [DEBUG] [org.gradle.launcher.daemon.bootstrap.DaemonStartupCommunication] Completed writing the daemon greeting. Closing streams...
2023-11-05T21:51:18.947+0700 [DEBUG] [org.gradle.internal.remote.internal.inet.TcpIncomingConnector] Accepted connection from /127.0.0.1:51431 to /127.0.0.1:51430.
2023-11-05T21:51:18.954+0700 [DEBUG] [org.gradle.launcher.daemon.server.Daemon] stopOnExpiration() called on daemon
2023-11-05T21:51:18.955+0700 [DEBUG] [org.gradle.launcher.daemon.server.Daemon] awaitExpiration() called on daemon
2023-11-05T21:51:18.956+0700 [DEBUG] [org.gradle.launcher.daemon.server.DaemonStateCoordinator] daemon is running. Sleeping until state changes.
2023-11-05T21:51:19.035+0700 [DEBUG] [org.gradle.launcher.daemon.server.SynchronizedDispatchConnection] thread 30: received class org.gradle.launcher.daemon.protocol.Build
2023-11-05T21:51:19.035+0700 [DEBUG] [org.gradle.launcher.daemon.server.DefaultDaemonConnection] thread 30: Received non-IO message from client: Build{id=97111df3-759a-4f6a-a6bc-7b6eea8672e6, currentDir=C:\Users\mavie\AndroidStudioProjects\New folder\Nhom6-123LTTD02\LockMoney}
2023-11-05T21:51:19.036+0700 [INFO] [org.gradle.launcher.daemon.server.DefaultIncomingConnectionHandler] Received command: Build{id=97111df3-759a-4f6a-a6bc-7b6eea8672e6, currentDir=C:\Users\mavie\AndroidStudioProjects\New folder\Nhom6-123LTTD02\LockMoney}.
2023-11-05T21:51:19.036+0700 [DEBUG] [org.gradle.launcher.daemon.server.DefaultIncomingConnectionHandler] Starting executing command: Build{id=97111df3-759a-4f6a-a6bc-7b6eea8672e6, currentDir=C:\Users\mavie\AndroidStudioProjects\New folder\Nhom6-123LTTD02\LockMoney} with connection: socket connection from /127.0.0.1:51430 to /127.0.0.1:51431.
2023-11-05T21:51:19.038+0700 [DEBUG] [org.gradle.launcher.daemon.server.DaemonStateCoordinator] Command execution: started DaemonCommandExecution[command = Build{id=97111df3-759a-4f6a-a6bc-7b6eea8672e6, currentDir=C:\Users\mavie\AndroidStudioProjects\New folder\Nhom6-123LTTD02\LockMoney}, connection = DefaultDaemonConnection: socket connection from /127.0.0.1:51430 to /127.0.0.1:51431] after 0.0 minutes of idle
2023-11-05T21:51:19.038+0700 [INFO] [org.gradle.launcher.daemon.server.DaemonRegistryUpdater] Marking the daemon as busy, address: [7d8da0db-1bcb-4d4f-a906-f0530d0c9abc port:51430, addresses:[localhost/127.0.0.1]]
2023-11-05T21:51:19.038+0700 [DEBUG] [org.gradle.launcher.daemon.registry.PersistentDaemonRegistry] Marking busy by address: [7d8da0db-1bcb-4d4f-a906-f0530d0c9abc port:51430, addresses:[localhost/127.0.0.1]]
2023-11-05T21:51:19.039+0700 [DEBUG] [org.gradle.cache.internal.DefaultFileLockManager] Waiting to acquire exclusive lock on daemon addresses registry.
2023-11-05T21:51:19.040+0700 [DEBUG] [org.gradle.cache.internal.DefaultFileLockManager] Lock acquired on daemon addresses registry.
2023-11-05T21:51:19.042+0700 [DEBUG] [org.gradle.cache.internal.DefaultFileLockManager] Releasing lock on daemon addresses registry.
2023-11-05T21:51:19.042+0700 [DEBUG] [org.gradle.launcher.daemon.server.DaemonStateCoordinator] resetting idle timer
2023-11-05T21:51:19.043+0700 [DEBUG] [org.gradle.launcher.daemon.server.DaemonStateCoordinator] daemon is running. Sleeping until state changes.
2023-11-05T21:51:19.043+0700 [INFO] [org.gradle.launcher.daemon.server.exec.StartBuildOrRespondWithBusy] Daemon is about to start building Build{id=97111df3-759a-4f6a-a6bc-7b6eea8672e6, currentDir=C:\Users\mavie\AndroidStudioProjects\New folder\Nhom6-123LTTD02\LockMoney}. Dispatching build started information...
2023-11-05T21:51:19.044+0700 [DEBUG] [org.gradle.launcher.daemon.server.SynchronizedDispatchConnection] thread 32: dispatching org.gradle.launcher.daemon.protocol.BuildStarted@240aef10
2023-11-05T21:51:19.045+0700 [DEBUG] [org.gradle.launcher.daemon.server.SynchronizedDispatchConnection] thread 30: received class org.gradle.launcher.daemon.protocol.CloseInput
2023-11-05T21:51:19.045+0700 [DEBUG] [org.gradle.launcher.daemon.server.DefaultDaemonConnection] thread 30: Received IO message from client: org.gradle.launcher.daemon.protocol.CloseInput@66195590
2023-11-05T21:51:19.046+0700 [DEBUG] [org.gradle.launcher.daemon.server.exec.EstablishBuildEnvironment] Configuring env variables: [USERDOMAIN_ROAMINGPROFILE, LOCALAPPDATA, PROCESSOR_LEVEL, USERDOMAIN, FPS_BROWSER_APP_PROFILE_STRING, LOGONSERVER, SESSIONNAME, ALLUSERSPROFILE, PROCESSOR_ARCHITECTURE, RlsSvcPort, PSModulePath, SystemDrive, OneDrive, PT8HOME, QT_DEVICE_PIXEL_RATIO, APPDATA, ACSvcPort, USERNAME, ProgramFiles(x86), ACSetupSvcPort, CommonProgramFiles, Path, FPS_BROWSER_USER_PROFILE_STRING, PATHEXT, DriverData, OS, COMPUTERNAME, PROCESSOR_REVISION, CommonProgramW6432, ComSpec, ProgramData, ProgramW6432, TEMP, HOMEPATH, SystemRoot, PROCESSOR_IDENTIFIER, HOMEDRIVE, USERPROFILE, TMP, CommonProgramFiles(x86), ProgramFiles, PUBLIC, windir, NUMBER_OF_PROCESSORS, =::, IDEA_INITIAL_DIRECTORY]
2023-11-05T21:51:19.050+0700 [DEBUG] [org.gradle.launcher.daemon.server.exec.LogToClient] About to start relaying all logs to the client via the connection.
2023-11-05T21:51:19.050+0700 [INFO] [org.gradle.launcher.daemon.server.exec.LogToClient] The client will now receive all logging from the daemon (pid: 18228). The daemon log file: C:\Users\mavie\AndroidStudioProjects\New folder\Nhom6-123LTTD02\LockMoney\daemon\8.0\daemon-18228.out.log
2023-11-05T21:51:19.053+0700 [INFO] [org.gradle.launcher.daemon.server.exec.LogAndCheckHealth] Starting build in new daemon [memory: 2 GiB]
2023-11-05T21:51:19.054+0700 [INFO] [org.gradle.launcher.daemon.server.exec.ForwardClientInput] Closing daemon's stdin at end of input.
2023-11-05T21:51:19.054+0700 [INFO] [org.gradle.launcher.daemon.server.exec.ForwardClientInput] The daemon will no longer process any standard input.
2023-11-05T21:51:19.058+0700 [DEBUG] [org.gradle.launcher.daemon.server.exec.ExecuteBuild] The daemon has started executing the build.
2023-11-05T21:51:19.058+0700 [DEBUG] [org.gradle.launcher.daemon.server.exec.ExecuteBuild] Executing build with daemon context: DefaultDaemonContext[uid=e5804fb0-186f-48a0-a2e6-7cf18786f1e8,javaHome=C:\Program Files\Android\Android Studio\jbr,daemonRegistryDir=C:\Users\mavie\AndroidStudioProjects\New folder\Nhom6-123LTTD02\LockMoney\daemon,pid=18228,idleTimeout=10800000,priority=NORMAL,daemonOpts=--add-opens=java.base/java.util=ALL-UNNAMED,--add-opens=java.base/java.lang=ALL-UNNAMED,--add-opens=java.base/java.lang.invoke=ALL-UNNAMED,--add-opens=java.prefs/java.util.prefs=ALL-UNNAMED,--add-opens=java.base/java.nio.charset=ALL-UNNAMED,--add-opens=java.base/java.net=ALL-UNNAMED,--add-opens=java.base/java.util.concurrent.atomic=ALL-UNNAMED,-Xmx2048m,-Dfile.encoding=UTF-8,-Duser.country=US,-Duser.language=en,-Duser.variant]

BUILD SUCCESSFUL in 3m 4s
2023-11-05T21:54:22.018+0700 [DEBUG] [org.gradle.launcher.daemon.server.exec.ExecuteBuild] The daemon has finished executing the build.
2023-11-05T21:54:22.035+0700 [DEBUG] [org.gradle.launcher.daemon.server.DaemonStateCoordinator] daemon is running. Sleeping until state changes.
2023-11-05T21:54:22.036+0700 [DEBUG] [org.gradle.launcher.daemon.server.DaemonStateCoordinator] Command execution: finished waiting for DaemonCommandExecution[command = Build{id=97111df3-759a-4f6a-a6bc-7b6eea8672e6, currentDir=C:\Users\mavie\AndroidStudioProjects\New folder\Nhom6-123LTTD02\LockMoney}, connection = DefaultDaemonConnection: socket connection from /127.0.0.1:51430 to /127.0.0.1:51431]. Result org.gradle.launcher.daemon.server.DaemonStateCoordinator@3e1d3ba8 with state Busy
2023-11-05T21:54:22.036+0700 [DEBUG] [org.gradle.launcher.daemon.server.DaemonStateCoordinator] Command execution: completed DaemonCommandExecution[command = Build{id=97111df3-759a-4f6a-a6bc-7b6eea8672e6, currentDir=C:\Users\mavie\AndroidStudioProjects\New folder\Nhom6-123LTTD02\LockMoney}, connection = DefaultDaemonConnection: socket connection from /127.0.0.1:51430 to /127.0.0.1:51431]
2023-11-05T21:54:22.036+0700 [DEBUG] [org.gradle.launcher.daemon.server.DaemonStateCoordinator] resetting idle timer
2023-11-05T21:54:22.037+0700 [INFO] [org.gradle.launcher.daemon.server.DaemonRegistryUpdater] Marking the daemon as idle, address: [7d8da0db-1bcb-4d4f-a906-f0530d0c9abc port:51430, addresses:[localhost/127.0.0.1]]
2023-11-05T21:54:22.037+0700 [DEBUG] [org.gradle.launcher.daemon.registry.PersistentDaemonRegistry] Marking busy by address: [7d8da0db-1bcb-4d4f-a906-f0530d0c9abc port:51430, addresses:[localhost/127.0.0.1]]
2023-11-05T21:54:22.038+0700 [DEBUG] [org.gradle.cache.internal.DefaultFileLockManager] Waiting to acquire exclusive lock on daemon addresses registry.
2023-11-05T21:54:22.038+0700 [DEBUG] [org.gradle.cache.internal.DefaultFileLockManager] Lock acquired on daemon addresses registry.
2023-11-05T21:54:22.040+0700 [DEBUG] [org.gradle.cache.internal.DefaultFileLockManager] Releasing lock on daemon addresses registry.
2023-11-05T21:54:22.041+0700 [DEBUG] [org.gradle.launcher.daemon.server.DaemonStateCoordinator] daemon is running. Sleeping until state changes.
2023-11-05T21:54:22.041+0700 [DEBUG] [org.gradle.launcher.daemon.server.exec.ReturnResult] Daemon is dispatching the build result: Success[value=org.gradle.launcher.exec.BuildActionResult@5c05631f]
2023-11-05T21:54:22.041+0700 [DEBUG] [org.gradle.launcher.daemon.server.SynchronizedDispatchConnection] thread 29: dispatching Success[value=org.gradle.launcher.exec.BuildActionResult@5c05631f]
2023-11-05T21:54:22.042+0700 [DEBUG] [org.gradle.launcher.daemon.server.DefaultIncomingConnectionHandler] Finishing executing command: Build{id=97111df3-759a-4f6a-a6bc-7b6eea8672e6, currentDir=C:\Users\mavie\AndroidStudioProjects\New folder\Nhom6-123LTTD02\LockMoney}
2023-11-05T21:54:22.042+0700 [DEBUG] [org.gradle.launcher.daemon.server.SynchronizedDispatchConnection] thread 30: received class org.gradle.launcher.daemon.protocol.Finished
2023-11-05T21:54:22.042+0700 [DEBUG] [org.gradle.launcher.daemon.server.DefaultDaemonConnection] thread 30: Received non-IO message from client: org.gradle.launcher.daemon.protocol.Finished@16290faa
2023-11-05T21:54:22.042+0700 [DEBUG] [org.gradle.launcher.daemon.server.DefaultIncomingConnectionHandler] Received finished message: org.gradle.launcher.daemon.protocol.Finished@16290faa
2023-11-05T21:54:22.042+0700 [DEBUG] [org.gradle.launcher.daemon.server.SynchronizedDispatchConnection] thread 29: stopping connection
2023-11-05T21:54:22.042+0700 [DEBUG] [org.gradle.internal.remote.internal.inet.SocketConnection] Discarding EOFException: java.io.EOFException
2023-11-05T21:54:22.042+0700 [DEBUG] [org.gradle.launcher.daemon.server.SynchronizedDispatchConnection] thread 30: received null
2023-11-05T21:54:22.043+0700 [DEBUG] [org.gradle.launcher.daemon.server.DefaultDaemonConnection] thread 30: Received end-of-input from client.
2023-11-05T21:54:22.043+0700 [DEBUG] [org.gradle.launcher.daemon.server.SynchronizedDispatchConnection] thread 29: stopping connection
2023-11-05T21:54:26.054+0700 [DEBUG] [org.gradle.process.internal.health.memory.DefaultMemoryManager] 1655817830 memory requested, 736124928 free
2023-11-05T21:54:26.055+0700 [DEBUG] [org.gradle.workers.internal.WorkerDaemonExpiration] Will attempt to release 1579 of memory
2023-11-05T21:54:26.055+0700 [DEBUG] [org.gradle.process.internal.health.memory.DefaultMemoryManager] 1655817830 memory requested, 0 released, 736124928 free
2023-11-05T21:54:28.965+0700 [DEBUG] [org.gradle.cache.internal.DefaultFileLockManager] Waiting to acquire shared lock on daemon addresses registry.
2023-11-05T21:54:28.965+0700 [DEBUG] [org.gradle.cache.internal.DefaultFileLockManager] Lock acquired on daemon addresses registry.
2023-11-05T21:54:28.966+0700 [DEBUG] [org.gradle.cache.internal.DefaultFileLockManager] Releasing lock on daemon addresses registry.
2023-11-05T21:54:28.967+0700 [DEBUG] [org.gradle.cache.internal.DefaultFileLockManager] Waiting to acquire shared lock on daemon addresses registry.
2023-11-05T21:54:28.968+0700 [DEBUG] [org.gradle.cache.internal.DefaultFileLockManager] Lock acquired on daemon addresses registry.
2023-11-05T21:54:28.968+0700 [DEBUG] [org.gradle.cache.internal.DefaultFileLockManager] Releasing lock on daemon addresses registry.
2023-11-05T21:54:31.053+0700 [DEBUG] [org.gradle.process.internal.health.memory.DefaultMemoryManager] 1655817830 memory requested, 731758592 free
2023-11-05T21:54:31.053+0700 [DEBUG] [org.gradle.workers.internal.WorkerDaemonExpiration] Will attempt to release 1579 of memory
2023-11-05T21:54:31.053+0700 [DEBUG] [org.gradle.process.internal.health.memory.DefaultMemoryManager] 1655817830 memory requested, 0 released, 731758592 free
2023-11-05T21:54:36.095+0700 [DEBUG] [org.gradle.process.internal.health.memory.DefaultMemoryManager] 1655817830 memory requested, 713187328 free
2023-11-05T21:54:36.095+0700 [DEBUG] [org.gradle.workers.internal.WorkerDaemonExpiration] Will attempt to release 1579 of memory
2023-11-05T21:54:36.096+0700 [DEBUG] [org.gradle.process.internal.health.memory.DefaultMemoryManager] 1655817830 memory requested, 0 released, 713187328 free
2023-11-05T21:54:38.966+0700 [DEBUG] [org.gradle.cache.internal.DefaultFileLockManager] Waiting to acquire shared lock on daemon addresses registry.
2023-11-05T21:54:38.966+0700 [DEBUG] [org.gradle.cache.internal.DefaultFileLockManager] Lock acquired on daemon addresses registry.
2023-11-05T21:54:38.966+0700 [DEBUG] [org.gradle.cache.internal.DefaultFileLockManager] Releasing lock on daemon addresses registry.
2023-11-05T21:54:38.968+0700 [DEBUG] [org.gradle.cache.internal.DefaultFileLockManager] Waiting to acquire shared lock on daemon addresses registry.
2023-11-05T21:54:38.969+0700 [DEBUG] [org.gradle.cache.internal.DefaultFileLockManager] Lock acquired on daemon addresses registry.
2023-11-05T21:54:38.969+0700 [DEBUG] [org.gradle.cache.internal.DefaultFileLockManager] Releasing lock on daemon addresses registry.
2023-11-05T21:54:38.970+0700 [DEBUG] [org.gradle.cache.internal.DefaultFileLockManager] Waiting to acquire shared lock on daemon addresses registry.
2023-11-05T21:54:38.971+0700 [DEBUG] [org.gradle.cache.internal.DefaultFileLockManager] Lock acquired on daemon addresses registry.
2023-11-05T21:54:38.971+0700 [DEBUG] [org.gradle.cache.internal.DefaultFileLockManager] Releasing lock on daemon addresses registry.
2023-11-05T21:54:41.058+0700 [DEBUG] [org.gradle.process.internal.health.memory.DefaultMemoryManager] 1655817830 memory requested, 721104896 free
2023-11-05T21:54:41.059+0700 [DEBUG] [org.gradle.workers.internal.WorkerDaemonExpiration] Will attempt to release 1579 of memory
2023-11-05T21:54:41.059+0700 [DEBUG] [org.gradle.process.internal.health.memory.DefaultMemoryManager] 1655817830 memory requested, 0 released, 721104896 free
2023-11-05T21:54:46.065+0700 [DEBUG] [org.gradle.process.internal.health.memory.DefaultMemoryManager] 1655817830 memory requested, 694099968 free
2023-11-05T21:54:46.065+0700 [DEBUG] [org.gradle.workers.internal.WorkerDaemonExpiration] Will attempt to release 1579 of memory
2023-11-05T21:54:46.065+0700 [DEBUG] [org.gradle.process.internal.health.memory.DefaultMemoryManager] 1655817830 memory requested, 0 released, 694099968 free
2023-11-05T21:54:48.963+0700 [DEBUG] [org.gradle.cache.internal.DefaultFileLockManager] Waiting to acquire shared lock on daemon addresses registry.
2023-11-05T21:54:48.964+0700 [DEBUG] [org.gradle.cache.internal.DefaultFileLockManager] Lock acquired on daemon addresses registry.
2023-11-05T21:54:48.964+0700 [DEBUG] [org.gradle.cache.internal.DefaultFileLockManager] Releasing lock on daemon addresses registry.
2023-11-05T21:54:48.965+0700 [DEBUG] [org.gradle.cache.internal.DefaultFileLockManager] Waiting to acquire shared lock on daemon addresses registry.
2023-11-05T21:54:48.965+0700 [DEBUG] [org.gradle.cache.internal.DefaultFileLockManager] Lock acquired on daemon addresses registry.
2023-11-05T21:54:48.966+0700 [DEBUG] [org.gradle.cache.internal.DefaultFileLockManager] Releasing lock on daemon addresses registry.
2023-11-05T21:54:48.967+0700 [DEBUG] [org.gradle.cache.internal.DefaultFileLockManager] Waiting to acquire shared lock on daemon addresses registry.
2023-11-05T21:54:48.967+0700 [DEBUG] [org.gradle.cache.internal.DefaultFileLockManager] Lock acquired on daemon addresses registry.
2023-11-05T21:54:48.968+0700 [DEBUG] [org.gradle.cache.internal.DefaultFileLockManager] Releasing lock on daemon addresses registry.
2023-11-05T21:54:51.058+0700 [DEBUG] [org.gradle.process.internal.health.memory.DefaultMemoryManager] 1655817830 memory requested, 686428160 free
2023-11-05T21:54:51.059+0700 [DEBUG] [org.gradle.workers.internal.WorkerDaemonExpiration] Will attempt to release 1579 of memory
2023-11-05T21:54:51.059+0700 [DEBUG] [org.gradle.process.internal.health.memory.DefaultMemoryManager] 1655817830 memory requested, 0 released, 686428160 free
2023-11-05T21:54:56.057+0700 [DEBUG] [org.gradle.process.internal.health.memory.DefaultMemoryManager] 1655817830 memory requested, 667586560 free
2023-11-05T21:54:56.057+0700 [DEBUG] [org.gradle.workers.internal.WorkerDaemonExpiration] Will attempt to release 1579 of memory
2023-11-05T21:54:56.057+0700 [DEBUG] [org.gradle.process.internal.health.memory.DefaultMemoryManager] 1655817830 memory requested, 0 released, 667586560 free
2023-11-05T21:54:58.969+0700 [DEBUG] [org.gradle.cache.internal.DefaultFileLockManager] Waiting to acquire shared lock on daemon addresses registry.
2023-11-05T21:54:58.970+0700 [DEBUG] [org.gradle.cache.internal.DefaultFileLockManager] Lock acquired on daemon addresses registry.
2023-11-05T21:54:58.970+0700 [DEBUG] [org.gradle.cache.internal.DefaultFileLockManager] Releasing lock on daemon addresses registry.
2023-11-05T21:54:58.971+0700 [DEBUG] [org.gradle.cache.internal.DefaultFileLockManager] Waiting to acquire shared lock on daemon addresses registry.
2023-11-05T21:54:58.971+0700 [DEBUG] [org.gradle.cache.internal.DefaultFileLockManager] Lock acquired on daemon addresses registry.
2023-11-05T21:54:58.971+0700 [DEBUG] [org.gradle.cache.internal.DefaultFileLockManager] Releasing lock on daemon addresses registry.
2023-11-05T21:54:58.972+0700 [DEBUG] [org.gradle.cache.internal.DefaultFileLockManager] Waiting to acquire shared lock on daemon addresses registry.
2023-11-05T21:54:58.973+0700 [DEBUG] [org.gradle.cache.internal.DefaultFileLockManager] Lock acquired on daemon addresses registry.
2023-11-05T21:54:58.973+0700 [DEBUG] [org.gradle.cache.internal.DefaultFileLockManager] Releasing lock on daemon addresses registry.
2023-11-05T21:55:01.053+0700 [DEBUG] [org.gradle.process.internal.health.memory.DefaultMemoryManager] 1655817830 memory requested, 673349632 free
2023-11-05T21:55:01.053+0700 [DEBUG] [org.gradle.workers.internal.WorkerDaemonExpiration] Will attempt to release 1579 of memory
2023-11-05T21:55:01.053+0700 [DEBUG] [org.gradle.process.internal.health.memory.DefaultMemoryManager] 1655817830 memory requested, 0 released, 673349632 free
2023-11-05T21:55:06.053+0700 [DEBUG] [org.gradle.process.internal.health.memory.DefaultMemoryManager] 1655817830 memory requested, 689577984 free
2023-11-05T21:55:06.054+0700 [DEBUG] [org.gradle.workers.internal.WorkerDaemonExpiration] Will attempt to release 1579 of memory
2023-11-05T21:55:06.054+0700 [DEBUG] [org.gradle.process.internal.health.memory.DefaultMemoryManager] 1655817830 memory requested, 0 released, 689577984 free
2023-11-05T21:55:08.967+0700 [DEBUG] [org.gradle.cache.internal.DefaultFileLockManager] Waiting to acquire shared lock on daemon addresses registry.
2023-11-05T21:55:08.967+0700 [DEBUG] [org.gradle.cache.internal.DefaultFileLockManager] Lock acquired on daemon addresses registry.
2023-11-05T21:55:08.968+0700 [DEBUG] [org.gradle.cache.internal.DefaultFileLockManager] Releasing lock on daemon addresses registry.
2023-11-05T21:55:08.968+0700 [DEBUG] [org.gradle.cache.internal.DefaultFileLockManager] Waiting to acquire shared lock on daemon addresses registry.
2023-11-05T21:55:08.969+0700 [DEBUG] [org.gradle.cache.internal.DefaultFileLockManager] Lock acquired on daemon addresses registry.
2023-11-05T21:55:08.969+0700 [DEBUG] [org.gradle.cache.internal.DefaultFileLockManager] Releasing lock on daemon addresses registry.
2023-11-05T21:55:08.969+0700 [DEBUG] [org.gradle.cache.internal.DefaultFileLockManager] Waiting to acquire shared lock on daemon addresses registry.
2023-11-05T21:55:08.970+0700 [DEBUG] [org.gradle.cache.internal.DefaultFileLockManager] Lock acquired on daemon addresses registry.
2023-11-05T21:55:08.970+0700 [DEBUG] [org.gradle.cache.internal.DefaultFileLockManager] Releasing lock on daemon addresses registry.
2023-11-05T21:55:11.056+0700 [DEBUG] [org.gradle.process.internal.health.memory.DefaultMemoryManager] 1655817830 memory requested, 715247616 free
2023-11-05T21:55:11.056+0700 [DEBUG] [org.gradle.workers.internal.WorkerDaemonExpiration] Will attempt to release 1579 of memory
2023-11-05T21:55:11.057+0700 [DEBUG] [org.gradle.process.internal.health.memory.DefaultMemoryManager] 1655817830 memory requested, 0 released, 715247616 free
2023-11-05T21:55:16.059+0700 [DEBUG] [org.gradle.process.internal.health.memory.DefaultMemoryManager] 1655817830 memory requested, 692957184 free
2023-11-05T21:55:16.060+0700 [DEBUG] [org.gradle.workers.internal.WorkerDaemonExpiration] Will attempt to release 1579 of memory
2023-11-05T21:55:16.060+0700 [DEBUG] [org.gradle.process.internal.health.memory.DefaultMemoryManager] 1655817830 memory requested, 0 released, 692957184 free
2023-11-05T21:55:18.957+0700 [DEBUG] [org.gradle.cache.internal.DefaultFileLockManager] Waiting to acquire shared lock on daemon addresses registry.
2023-11-05T21:55:18.957+0700 [DEBUG] [org.gradle.cache.internal.DefaultFileLockManager] Lock acquired on daemon addresses registry.
2023-11-05T21:55:18.957+0700 [DEBUG] [org.gradle.cache.internal.DefaultFileLockManager] Releasing lock on daemon addresses registry.
2023-11-05T21:55:18.958+0700 [DEBUG] [org.gradle.cache.internal.DefaultFileLockManager] Waiting to acquire shared lock on daemon addresses registry.
2023-11-05T21:55:18.958+0700 [DEBUG] [org.gradle.cache.internal.DefaultFileLockManager] Lock acquired on daemon addresses registry.
2023-11-05T21:55:18.959+0700 [DEBUG] [org.gradle.cache.internal.DefaultFileLockManager] Releasing lock on daemon addresses registry.
2023-11-05T21:55:18.959+0700 [DEBUG] [org.gradle.cache.internal.DefaultFileLockManager] Waiting to acquire shared lock on daemon addresses registry.
2023-11-05T21:55:18.960+0700 [DEBUG] [org.gradle.cache.internal.DefaultFileLockManager] Lock acquired on daemon addresses registry.
2023-11-05T21:55:18.960+0700 [DEBUG] [org.gradle.cache.internal.DefaultFileLockManager] Releasing lock on daemon addresses registry.
2023-11-05T21:55:21.059+0700 [DEBUG] [org.gradle.process.internal.health.memory.DefaultMemoryManager] 1655817830 memory requested, 678461440 free
2023-11-05T21:55:21.059+0700 [DEBUG] [org.gradle.workers.internal.WorkerDaemonExpiration] Will attempt to release 1579 of memory
2023-11-05T21:55:21.059+0700 [DEBUG] [org.gradle.process.internal.health.memory.DefaultMemoryManager] 1655817830 memory requested, 0 released, 678461440 free
2023-11-05T21:55:26.064+0700 [DEBUG] [org.gradle.process.internal.health.memory.DefaultMemoryManager] 1655817830 memory requested, 691068928 free
2023-11-05T21:55:26.064+0700 [DEBUG] [org.gradle.workers.internal.WorkerDaemonExpiration] Will attempt to release 1579 of memory
2023-11-05T21:55:26.064+0700 [DEBUG] [org.gradle.process.internal.health.memory.DefaultMemoryManager] 1655817830 memory requested, 0 released, 691068928 free
2023-11-05T21:55:28.967+0700 [DEBUG] [org.gradle.cache.internal.DefaultFileLockManager] Waiting to acquire shared lock on daemon addresses registry.
2023-11-05T21:55:28.967+0700 [DEBUG] [org.gradle.cache.internal.DefaultFileLockManager] Lock acquired on daemon addresses registry.
2023-11-05T21:55:28.967+0700 [DEBUG] [org.gradle.cache.internal.DefaultFileLockManager] Releasing lock on daemon addresses registry.
2023-11-05T21:55:28.968+0700 [DEBUG] [org.gradle.cache.internal.DefaultFileLockManager] Waiting to acquire shared lock on daemon addresses registry.
2023-11-05T21:55:28.969+0700 [DEBUG] [org.gradle.cache.internal.DefaultFileLockManager] Lock acquired on daemon addresses registry.
2023-11-05T21:55:28.969+0700 [DEBUG] [org.gradle.cache.internal.DefaultFileLockManager] Releasing lock on daemon addresses registry.
2023-11-05T21:55:28.970+0700 [DEBUG] [org.gradle.cache.internal.DefaultFileLockManager] Waiting to acquire shared lock on daemon addresses registry.
2023-11-05T21:55:28.970+0700 [DEBUG] [org.gradle.cache.internal.DefaultFileLockManager] Lock acquired on daemon addresses registry.
2023-11-05T21:55:28.970+0700 [DEBUG] [org.gradle.cache.internal.DefaultFileLockManager] Releasing lock on daemon addresses registry.
2023-11-05T21:55:31.058+0700 [DEBUG] [org.gradle.process.internal.health.memory.DefaultMemoryManager] 1655817830 memory requested, 693112832 free
2023-11-05T21:55:31.059+0700 [DEBUG] [org.gradle.workers.internal.WorkerDaemonExpiration] Will attempt to release 1579 of memory
2023-11-05T21:55:31.059+0700 [DEBUG] [org.gradle.process.internal.health.memory.DefaultMemoryManager] 1655817830 memory requested, 0 released, 693112832 free
2023-11-05T21:55:36.062+0700 [DEBUG] [org.gradle.process.internal.health.memory.DefaultMemoryManager] 1655817830 memory requested, 686481408 free
2023-11-05T21:55:36.062+0700 [DEBUG] [org.gradle.workers.internal.WorkerDaemonExpiration] Will attempt to release 1579 of memory
2023-11-05T21:55:36.062+0700 [DEBUG] [org.gradle.process.internal.health.memory.DefaultMemoryManager] 1655817830 memory requested, 0 released, 686481408 free
2023-11-05T21:55:38.962+0700 [DEBUG] [org.gradle.cache.internal.DefaultFileLockManager] Waiting to acquire shared lock on daemon addresses registry.
2023-11-05T21:55:38.962+0700 [DEBUG] [org.gradle.cache.internal.DefaultFileLockManager] Lock acquired on daemon addresses registry.
2023-11-05T21:55:38.963+0700 [DEBUG] [org.gradle.cache.internal.DefaultFileLockManager] Releasing lock on daemon addresses registry.
2023-11-05T21:55:38.964+0700 [DEBUG] [org.gradle.cache.internal.DefaultFileLockManager] Waiting to acquire shared lock on daemon addresses registry.
2023-11-05T21:55:38.964+0700 [DEBUG] [org.gradle.cache.internal.DefaultFileLockManager] Lock acquired on daemon addresses registry.
2023-11-05T21:55:38.964+0700 [DEBUG] [org.gradle.cache.internal.DefaultFileLockManager] Releasing lock on daemon addresses registry.
2023-11-05T21:55:38.965+0700 [DEBUG] [org.gradle.cache.internal.DefaultFileLockManager] Waiting to acquire shared lock on daemon addresses registry.
2023-11-05T21:55:38.965+0700 [DEBUG] [org.gradle.cache.internal.DefaultFileLockManager] Lock acquired on daemon addresses registry.
2023-11-05T21:55:38.965+0700 [DEBUG] [org.gradle.cache.internal.DefaultFileLockManager] Releasing lock on daemon addresses registry.
2023-11-05T21:55:41.058+0700 [DEBUG] [org.gradle.process.internal.health.memory.DefaultMemoryManager] 1655817830 memory requested, 720416768 free
2023-11-05T21:55:41.058+0700 [DEBUG] [org.gradle.workers.internal.WorkerDaemonExpiration] Will attempt to release 1579 of memory
2023-11-05T21:55:41.059+0700 [DEBUG] [org.gradle.process.internal.health.memory.DefaultMemoryManager] 1655817830 memory requested, 0 released, 720416768 free
2023-11-05T21:55:46.066+0700 [DEBUG] [org.gradle.process.internal.health.memory.DefaultMemoryManager] 1655817830 memory requested, 689127424 free
2023-11-05T21:55:46.066+0700 [DEBUG] [org.gradle.workers.internal.WorkerDaemonExpiration] Will attempt to release 1579 of memory
2023-11-05T21:55:46.066+0700 [DEBUG] [org.gradle.process.internal.health.memory.DefaultMemoryManager] 1655817830 memory requested, 0 released, 689127424 free
2023-11-05T21:55:48.969+0700 [DEBUG] [org.gradle.cache.internal.DefaultFileLockManager] Waiting to acquire shared lock on daemon addresses registry.
2023-11-05T21:55:48.970+0700 [DEBUG] [org.gradle.cache.internal.DefaultFileLockManager] Lock acquired on daemon addresses registry.
2023-11-05T21:55:48.970+0700 [DEBUG] [org.gradle.cache.internal.DefaultFileLockManager] Releasing lock on daemon addresses registry.
2023-11-05T21:55:48.971+0700 [DEBUG] [org.gradle.cache.internal.DefaultFileLockManager] Waiting to acquire shared lock on daemon addresses registry.
2023-11-05T21:55:48.971+0700 [DEBUG] [org.gradle.cache.internal.DefaultFileLockManager] Lock acquired on daemon addresses registry.
2023-11-05T21:55:48.972+0700 [DEBUG] [org.gradle.cache.internal.DefaultFileLockManager] Releasing lock on daemon addresses registry.
2023-11-05T21:55:48.973+0700 [DEBUG] [org.gradle.cache.internal.DefaultFileLockManager] Waiting to acquire shared lock on daemon addresses registry.
2023-11-05T21:55:48.973+0700 [DEBUG] [org.gradle.cache.internal.DefaultFileLockManager] Lock acquired on daemon addresses registry.
2023-11-05T21:55:48.973+0700 [DEBUG] [org.gradle.cache.internal.DefaultFileLockManager] Releasing lock on daemon addresses registry.
2023-11-05T21:55:51.057+0700 [DEBUG] [org.gradle.process.internal.health.memory.DefaultMemoryManager] 1655817830 memory requested, 691220480 free
2023-11-05T21:55:51.057+0700 [DEBUG] [org.gradle.workers.internal.WorkerDaemonExpiration] Will attempt to release 1579 of memory
2023-11-05T21:55:51.057+0700 [DEBUG] [org.gradle.process.internal.health.memory.DefaultMemoryManager] 1655817830 memory requested, 0 released, 691220480 free
2023-11-05T21:55:56.052+0700 [DEBUG] [org.gradle.process.internal.health.memory.DefaultMemoryManager] 1655817830 memory requested, 667025408 free
2023-11-05T21:55:56.053+0700 [DEBUG] [org.gradle.workers.internal.WorkerDaemonExpiration] Will attempt to release 1579 of memory
2023-11-05T21:55:56.053+0700 [DEBUG] [org.gradle.process.internal.health.memory.DefaultMemoryManager] 1655817830 memory requested, 0 released, 667025408 free
2023-11-05T21:55:58.963+0700 [DEBUG] [org.gradle.cache.internal.DefaultFileLockManager] Waiting to acquire shared lock on daemon addresses registry.
2023-11-05T21:55:58.964+0700 [DEBUG] [org.gradle.cache.internal.DefaultFileLockManager] Lock acquired on daemon addresses registry.
2023-11-05T21:55:58.964+0700 [DEBUG] [org.gradle.cache.internal.DefaultFileLockManager] Releasing lock on daemon addresses registry.
2023-11-05T21:55:58.965+0700 [DEBUG] [org.gradle.cache.internal.DefaultFileLockManager] Waiting to acquire shared lock on daemon addresses registry.
2023-11-05T21:55:58.965+0700 [DEBUG] [org.gradle.cache.internal.DefaultFileLockManager] Lock acquired on daemon addresses registry.
2023-11-05T21:55:58.965+0700 [DEBUG] [org.gradle.cache.internal.DefaultFileLockManager] Releasing lock on daemon addresses registry.
2023-11-05T21:55:58.966+0700 [DEBUG] [org.gradle.cache.internal.DefaultFileLockManager] Waiting to acquire shared lock on daemon addresses registry.
2023-11-05T21:55:58.966+0700 [DEBUG] [org.gradle.cache.internal.DefaultFileLockManager] Lock acquired on daemon addresses registry.
2023-11-05T21:55:58.966+0700 [DEBUG] [org.gradle.cache.internal.DefaultFileLockManager] Releasing lock on daemon addresses registry.
2023-11-05T21:56:01.063+0700 [DEBUG] [org.gradle.process.internal.health.memory.DefaultMemoryManager] 1655817830 memory requested, 658395136 free
2023-11-05T21:56:01.064+0700 [DEBUG] [org.gradle.workers.internal.WorkerDaemonExpiration] Will attempt to release 1579 of memory
2023-11-05T21:56:01.064+0700 [DEBUG] [org.gradle.process.internal.health.memory.DefaultMemoryManager] 1655817830 memory requested, 0 released, 658395136 free
2023-11-05T21:56:06.064+0700 [DEBUG] [org.gradle.process.internal.health.memory.DefaultMemoryManager] 1655817830 memory requested, 659165184 free
2023-11-05T21:56:06.065+0700 [DEBUG] [org.gradle.workers.internal.WorkerDaemonExpiration] Will attempt to release 1579 of memory
2023-11-05T21:56:06.065+0700 [DEBUG] [org.gradle.process.internal.health.memory.DefaultMemoryManager] 1655817830 memory requested, 0 released, 659165184 free
2023-11-05T21:56:08.961+0700 [DEBUG] [org.gradle.cache.internal.DefaultFileLockManager] Waiting to acquire shared lock on daemon addresses registry.
2023-11-05T21:56:08.961+0700 [DEBUG] [org.gradle.cache.internal.DefaultFileLockManager] Lock acquired on daemon addresses registry.
2023-11-05T21:56:08.961+0700 [DEBUG] [org.gradle.cache.internal.DefaultFileLockManager] Releasing lock on daemon addresses registry.
2023-11-05T21:56:08.962+0700 [DEBUG] [org.gradle.cache.internal.DefaultFileLockManager] Waiting to acquire shared lock on daemon addresses registry.
2023-11-05T21:56:08.962+0700 [DEBUG] [org.gradle.cache.internal.DefaultFileLockManager] Lock acquired on daemon addresses registry.
2023-11-05T21:56:08.962+0700 [DEBUG] [org.gradle.cache.internal.DefaultFileLockManager] Releasing lock on daemon addresses registry.
2023-11-05T21:56:08.963+0700 [DEBUG] [org.gradle.cache.internal.DefaultFileLockManager] Waiting to acquire shared lock on daemon addresses registry.
2023-11-05T21:56:08.963+0700 [DEBUG] [org.gradle.cache.internal.DefaultFileLockManager] Lock acquired on daemon addresses registry.
2023-11-05T21:56:08.963+0700 [DEBUG] [org.gradle.cache.internal.DefaultFileLockManager] Releasing lock on daemon addresses registry.
2023-11-05T21:56:11.053+0700 [DEBUG] [org.gradle.process.internal.health.memory.DefaultMemoryManager] 1655817830 memory requested, 707637248 free
2023-11-05T21:56:11.054+0700 [DEBUG] [org.gradle.workers.internal.WorkerDaemonExpiration] Will attempt to release 1579 of memory
2023-11-05T21:56:11.054+0700 [DEBUG] [org.gradle.process.internal.health.memory.DefaultMemoryManager] 1655817830 memory requested, 0 released, 707637248 free
2023-11-05T21:56:16.058+0700 [DEBUG] [org.gradle.process.internal.health.memory.DefaultMemoryManager] 1655817830 memory requested, 659722240 free
2023-11-05T21:56:16.058+0700 [DEBUG] [org.gradle.workers.internal.WorkerDaemonExpiration] Will attempt to release 1579 of memory
2023-11-05T21:56:16.058+0700 [DEBUG] [org.gradle.process.internal.health.memory.DefaultMemoryManager] 1655817830 memory requested, 0 released, 659722240 free
2023-11-05T21:56:18.960+0700 [DEBUG] [org.gradle.cache.internal.DefaultFileLockManager] Waiting to acquire shared lock on daemon addresses registry.
2023-11-05T21:56:18.960+0700 [DEBUG] [org.gradle.cache.internal.DefaultFileLockManager] Lock acquired on daemon addresses registry.
2023-11-05T21:56:18.960+0700 [DEBUG] [org.gradle.cache.internal.DefaultFileLockManager] Releasing lock on daemon addresses registry.
2023-11-05T21:56:18.961+0700 [DEBUG] [org.gradle.cache.internal.DefaultFileLockManager] Waiting to acquire shared lock on daemon addresses registry.
2023-11-05T21:56:18.962+0700 [DEBUG] [org.gradle.cache.internal.DefaultFileLockManager] Lock acquired on daemon addresses registry.
2023-11-05T21:56:18.962+0700 [DEBUG] [org.gradle.cache.internal.DefaultFileLockManager] Releasing lock on daemon addresses registry.
2023-11-05T21:56:18.963+0700 [DEBUG] [org.gradle.cache.internal.DefaultFileLockManager] Waiting to acquire shared lock on daemon addresses registry.
2023-11-05T21:56:18.963+0700 [DEBUG] [org.gradle.cache.internal.DefaultFileLockManager] Lock acquired on daemon addresses registry.
2023-11-05T21:56:18.963+0700 [DEBUG] [org.gradle.cache.internal.DefaultFileLockManager] Releasing lock on daemon addresses registry.
2023-11-05T21:56:21.062+0700 [DEBUG] [org.gradle.process.internal.health.memory.DefaultMemoryManager] 1655817830 memory requested, 658477056 free
2023-11-05T21:56:21.062+0700 [DEBUG] [org.gradle.workers.internal.WorkerDaemonExpiration] Will attempt to release 1579 of memory
2023-11-05T21:56:21.063+0700 [DEBUG] [org.gradle.process.internal.health.memory.DefaultMemoryManager] 1655817830 memory requested, 0 released, 658477056 free
2023-11-05T21:56:26.058+0700 [DEBUG] [org.gradle.process.internal.health.memory.DefaultMemoryManager] 1655817830 memory requested, 655257600 free
2023-11-05T21:56:26.058+0700 [DEBUG] [org.gradle.workers.internal.WorkerDaemonExpiration] Will attempt to release 1579 of memory
2023-11-05T21:56:26.058+0700 [DEBUG] [org.gradle.process.internal.health.memory.DefaultMemoryManager] 1655817830 memory requested, 0 released, 655257600 free
2023-11-05T21:56:28.959+0700 [DEBUG] [org.gradle.cache.internal.DefaultFileLockManager] Waiting to acquire shared lock on daemon addresses registry.
2023-11-05T21:56:28.959+0700 [DEBUG] [org.gradle.cache.internal.DefaultFileLockManager] Lock acquired on daemon addresses registry.
2023-11-05T21:56:28.959+0700 [DEBUG] [org.gradle.cache.internal.DefaultFileLockManager] Releasing lock on daemon addresses registry.
2023-11-05T21:56:28.960+0700 [DEBUG] [org.gradle.cache.internal.DefaultFileLockManager] Waiting to acquire shared lock on daemon addresses registry.
2023-11-05T21:56:28.961+0700 [DEBUG] [org.gradle.cache.internal.DefaultFileLockManager] Lock acquired on daemon addresses registry.
2023-11-05T21:56:28.962+0700 [DEBUG] [org.gradle.cache.internal.DefaultFileLockManager] Releasing lock on daemon addresses registry.
2023-11-05T21:56:28.963+0700 [DEBUG] [org.gradle.cache.internal.DefaultFileLockManager] Waiting to acquire shared lock on daemon addresses registry.
2023-11-05T21:56:28.963+0700 [DEBUG] [org.gradle.cache.internal.DefaultFileLockManager] Lock acquired on daemon addresses registry.
2023-11-05T21:56:28.963+0700 [DEBUG] [org.gradle.cache.internal.DefaultFileLockManager] Releasing lock on daemon addresses registry.
2023-11-05T21:56:31.060+0700 [DEBUG] [org.gradle.process.internal.health.memory.DefaultMemoryManager] 1655817830 memory requested, 652709888 free
2023-11-05T21:56:31.060+0700 [DEBUG] [org.gradle.workers.internal.WorkerDaemonExpiration] Will attempt to release 1579 of memory
2023-11-05T21:56:31.060+0700 [DEBUG] [org.gradle.process.internal.health.memory.DefaultMemoryManager] 1655817830 memory requested, 0 released, 652709888 free
2023-11-05T21:56:36.061+0700 [DEBUG] [org.gradle.process.internal.health.memory.DefaultMemoryManager] 1655817830 memory requested, 638435328 free
2023-11-05T21:56:36.061+0700 [DEBUG] [org.gradle.workers.internal.WorkerDaemonExpiration] Will attempt to release 1579 of memory
2023-11-05T21:56:36.061+0700 [DEBUG] [org.gradle.process.internal.health.memory.DefaultMemoryManager] 1655817830 memory requested, 0 released, 638435328 free
2023-11-05T21:56:38.959+0700 [DEBUG] [org.gradle.cache.internal.DefaultFileLockManager] Waiting to acquire shared lock on daemon addresses registry.
2023-11-05T21:56:38.959+0700 [DEBUG] [org.gradle.cache.internal.DefaultFileLockManager] Lock acquired on daemon addresses registry.
2023-11-05T21:56:38.959+0700 [DEBUG] [org.gradle.cache.internal.DefaultFileLockManager] Releasing lock on daemon addresses registry.
2023-11-05T21:56:38.960+0700 [DEBUG] [org.gradle.cache.internal.DefaultFileLockManager] Waiting to acquire shared lock on daemon addresses registry.
2023-11-05T21:56:38.961+0700 [DEBUG] [org.gradle.cache.internal.DefaultFileLockManager] Lock acquired on daemon addresses registry.
2023-11-05T21:56:38.961+0700 [DEBUG] [org.gradle.cache.internal.DefaultFileLockManager] Releasing lock on daemon addresses registry.
2023-11-05T21:56:38.961+0700 [DEBUG] [org.gradle.cache.internal.DefaultFileLockManager] Waiting to acquire shared lock on daemon addresses registry.
2023-11-05T21:56:38.961+0700 [DEBUG] [org.gradle.cache.internal.DefaultFileLockManager] Lock acquired on daemon addresses registry.
2023-11-05T21:56:38.962+0700 [DEBUG] [org.gradle.cache.internal.DefaultFileLockManager] Releasing lock on daemon addresses registry.
2023-11-05T21:56:41.056+0700 [DEBUG] [org.gradle.process.internal.health.memory.DefaultMemoryManager] 1655817830 memory requested, 693796864 free
2023-11-05T21:56:41.056+0700 [DEBUG] [org.gradle.workers.internal.WorkerDaemonExpiration] Will attempt to release 1579 of memory
2023-11-05T21:56:41.056+0700 [DEBUG] [org.gradle.process.internal.health.memory.DefaultMemoryManager] 1655817830 memory requested, 0 released, 693796864 free
2023-11-05T21:56:46.053+0700 [DEBUG] [org.gradle.process.internal.health.memory.DefaultMemoryManager] 1655817830 memory requested, 626950144 free
2023-11-05T21:56:46.053+0700 [DEBUG] [org.gradle.workers.internal.WorkerDaemonExpiration] Will attempt to release 1579 of memory
2023-11-05T21:56:46.053+0700 [DEBUG] [org.gradle.process.internal.health.memory.DefaultMemoryManager] 1655817830 memory requested, 0 released, 626950144 free
2023-11-05T21:56:48.966+0700 [DEBUG] [org.gradle.cache.internal.DefaultFileLockManager] Waiting to acquire shared lock on daemon addresses registry.
2023-11-05T21:56:48.966+0700 [DEBUG] [org.gradle.cache.internal.DefaultFileLockManager] Lock acquired on daemon addresses registry.
2023-11-05T21:56:48.966+0700 [DEBUG] [org.gradle.cache.internal.DefaultFileLockManager] Releasing lock on daemon addresses registry.
2023-11-05T21:56:48.967+0700 [DEBUG] [org.gradle.cache.internal.DefaultFileLockManager] Waiting to acquire shared lock on daemon addresses registry.
2023-11-05T21:56:48.967+0700 [DEBUG] [org.gradle.cache.internal.DefaultFileLockManager] Lock acquired on daemon addresses registry.
2023-11-05T21:56:48.968+0700 [DEBUG] [org.gradle.cache.internal.DefaultFileLockManager] Releasing lock on daemon addresses registry.
2023-11-05T21:56:48.969+0700 [DEBUG] [org.gradle.cache.internal.DefaultFileLockManager] Waiting to acquire shared lock on daemon addresses registry.
2023-11-05T21:56:48.969+0700 [DEBUG] [org.gradle.cache.internal.DefaultFileLockManager] Lock acquired on daemon addresses registry.
2023-11-05T21:56:48.969+0700 [DEBUG] [org.gradle.cache.internal.DefaultFileLockManager] Releasing lock on daemon addresses registry.
2023-11-05T21:56:51.066+0700 [DEBUG] [org.gradle.process.internal.health.memory.DefaultMemoryManager] 1655817830 memory requested, 643756032 free
2023-11-05T21:56:51.066+0700 [DEBUG] [org.gradle.workers.internal.WorkerDaemonExpiration] Will attempt to release 1579 of memory
2023-11-05T21:56:51.066+0700 [DEBUG] [org.gradle.process.internal.health.memory.DefaultMemoryManager] 1655817830 memory requested, 0 released, 643756032 free
2023-11-05T21:56:56.057+0700 [DEBUG] [org.gradle.process.internal.health.memory.DefaultMemoryManager] 1655817830 memory requested, 626761728 free
2023-11-05T21:56:56.057+0700 [DEBUG] [org.gradle.workers.internal.WorkerDaemonExpiration] Will attempt to release 1579 of memory
2023-11-05T21:56:56.057+0700 [DEBUG] [org.gradle.process.internal.health.memory.DefaultMemoryManager] 1655817830 memory requested, 0 released, 626761728 free
2023-11-05T21:56:58.966+0700 [DEBUG] [org.gradle.cache.internal.DefaultFileLockManager] Waiting to acquire shared lock on daemon addresses registry.
2023-11-05T21:56:58.967+0700 [DEBUG] [org.gradle.cache.internal.DefaultFileLockManager] Lock acquired on daemon addresses registry.
2023-11-05T21:56:58.967+0700 [DEBUG] [org.gradle.cache.internal.DefaultFileLockManager] Releasing lock on daemon addresses registry.
2023-11-05T21:56:58.968+0700 [DEBUG] [org.gradle.cache.internal.DefaultFileLockManager] Waiting to acquire shared lock on daemon addresses registry.
2023-11-05T21:56:58.968+0700 [DEBUG] [org.gradle.cache.internal.DefaultFileLockManager] Lock acquired on daemon addresses registry.
2023-11-05T21:56:58.968+0700 [DEBUG] [org.gradle.cache.internal.DefaultFileLockManager] Releasing lock on daemon addresses registry.
2023-11-05T21:56:58.969+0700 [DEBUG] [org.gradle.cache.internal.DefaultFileLockManager] Waiting to acquire shared lock on daemon addresses registry.
2023-11-05T21:56:58.969+0700 [DEBUG] [org.gradle.cache.internal.DefaultFileLockManager] Lock acquired on daemon addresses registry.
2023-11-05T21:56:58.969+0700 [DEBUG] [org.gradle.cache.internal.DefaultFileLockManager] Releasing lock on daemon addresses registry.
2023-11-05T21:57:01.063+0700 [DEBUG] [org.gradle.process.internal.health.memory.DefaultMemoryManager] 1655817830 memory requested, 637853696 free
2023-11-05T21:57:01.063+0700 [DEBUG] [org.gradle.workers.internal.WorkerDaemonExpiration] Will attempt to release 1579 of memory
2023-11-05T21:57:01.063+0700 [DEBUG] [org.gradle.process.internal.health.memory.DefaultMemoryManager] 1655817830 memory requested, 0 released, 637853696 free
2023-11-05T21:57:06.052+0700 [DEBUG] [org.gradle.process.internal.health.memory.DefaultMemoryManager] 1655817830 memory requested, 643121152 free
2023-11-05T21:57:06.052+0700 [DEBUG] [org.gradle.workers.internal.WorkerDaemonExpiration] Will attempt to release 1579 of memory
2023-11-05T21:57:06.052+0700 [DEBUG] [org.gradle.process.internal.health.memory.DefaultMemoryManager] 1655817830 memory requested, 0 released, 643121152 free
2023-11-05T21:57:08.971+0700 [DEBUG] [org.gradle.cache.internal.DefaultFileLockManager] Waiting to acquire shared lock on daemon addresses registry.
2023-11-05T21:57:08.971+0700 [DEBUG] [org.gradle.cache.internal.DefaultFileLockManager] Lock acquired on daemon addresses registry.
2023-11-05T21:57:08.972+0700 [DEBUG] [org.gradle.cache.internal.DefaultFileLockManager] Releasing lock on daemon addresses registry.
2023-11-05T21:57:08.972+0700 [DEBUG] [org.gradle.cache.internal.DefaultFileLockManager] Waiting to acquire shared lock on daemon addresses registry.
2023-11-05T21:57:08.973+0700 [DEBUG] [org.gradle.cache.internal.DefaultFileLockManager] Lock acquired on daemon addresses registry.
2023-11-05T21:57:08.973+0700 [DEBUG] [org.gradle.cache.internal.DefaultFileLockManager] Releasing lock on daemon addresses registry.
2023-11-05T21:57:08.973+0700 [DEBUG] [org.gradle.cache.internal.DefaultFileLockManager] Waiting to acquire shared lock on daemon addresses registry.
2023-11-05T21:57:08.973+0700 [DEBUG] [org.gradle.cache.internal.DefaultFileLockManager] Lock acquired on daemon addresses registry.
2023-11-05T21:57:08.974+0700 [DEBUG] [org.gradle.cache.internal.DefaultFileLockManager] Releasing lock on daemon addresses registry.
2023-11-05T21:57:18.968+0700 [DEBUG] [org.gradle.cache.internal.DefaultFileLockManager] Waiting to acquire shared lock on daemon addresses registry.
2023-11-05T21:57:18.968+0700 [DEBUG] [org.gradle.cache.internal.DefaultFileLockManager] Lock acquired on daemon addresses registry.
2023-11-05T21:57:18.969+0700 [DEBUG] [org.gradle.cache.internal.DefaultFileLockManager] Releasing lock on daemon addresses registry.
2023-11-05T21:57:18.970+0700 [DEBUG] [org.gradle.cache.internal.DefaultFileLockManager] Waiting to acquire shared lock on daemon addresses registry.
2023-11-05T21:57:18.970+0700 [DEBUG] [org.gradle.cache.internal.DefaultFileLockManager] Lock acquired on daemon addresses registry.
2023-11-05T21:57:18.970+0700 [DEBUG] [org.gradle.cache.internal.DefaultFileLockManager] Releasing lock on daemon addresses registry.
2023-11-05T21:57:18.971+0700 [DEBUG] [org.gradle.cache.internal.DefaultFileLockManager] Waiting to acquire shared lock on daemon addresses registry.
2023-11-05T21:57:18.971+0700 [DEBUG] [org.gradle.cache.internal.DefaultFileLockManager] Lock acquired on daemon addresses registry.
2023-11-05T21:57:18.972+0700 [DEBUG] [org.gradle.cache.internal.DefaultFileLockManager] Releasing lock on daemon addresses registry.
2023-11-05T21:57:28.963+0700 [DEBUG] [org.gradle.cache.internal.DefaultFileLockManager] Waiting to acquire shared lock on daemon addresses registry.
2023-11-05T21:57:28.963+0700 [DEBUG] [org.gradle.cache.internal.DefaultFileLockManager] Lock acquired on daemon addresses registry.
2023-11-05T21:57:28.964+0700 [DEBUG] [org.gradle.cache.internal.DefaultFileLockManager] Releasing lock on daemon addresses registry.
2023-11-05T21:57:28.965+0700 [DEBUG] [org.gradle.cache.internal.DefaultFileLockManager] Waiting to acquire shared lock on daemon addresses registry.
2023-11-05T21:57:28.966+0700 [DEBUG] [org.gradle.cache.internal.DefaultFileLockManager] Lock acquired on daemon addresses registry.
2023-11-05T21:57:28.966+0700 [DEBUG] [org.gradle.cache.internal.DefaultFileLockManager] Releasing lock on daemon addresses registry.
2023-11-05T21:57:28.967+0700 [DEBUG] [org.gradle.cache.internal.DefaultFileLockManager] Waiting to acquire shared lock on daemon addresses registry.
2023-11-05T21:57:28.968+0700 [DEBUG] [org.gradle.cache.internal.DefaultFileLockManager] Lock acquired on daemon addresses registry.
2023-11-05T21:57:28.968+0700 [DEBUG] [org.gradle.cache.internal.DefaultFileLockManager] Releasing lock on daemon addresses registry.
2023-11-05T21:57:38.972+0700 [DEBUG] [org.gradle.cache.internal.DefaultFileLockManager] Waiting to acquire shared lock on daemon addresses registry.
2023-11-05T21:57:38.972+0700 [DEBUG] [org.gradle.cache.internal.DefaultFileLockManager] Lock acquired on daemon addresses registry.
2023-11-05T21:57:38.972+0700 [DEBUG] [org.gradle.cache.internal.DefaultFileLockManager] Releasing lock on daemon addresses registry.
2023-11-05T21:57:38.973+0700 [DEBUG] [org.gradle.cache.internal.DefaultFileLockManager] Waiting to acquire shared lock on daemon addresses registry.
2023-11-05T21:57:38.973+0700 [DEBUG] [org.gradle.cache.internal.DefaultFileLockManager] Lock acquired on daemon addresses registry.
2023-11-05T21:57:38.973+0700 [DEBUG] [org.gradle.cache.internal.DefaultFileLockManager] Releasing lock on daemon addresses registry.
2023-11-05T21:57:38.974+0700 [DEBUG] [org.gradle.cache.internal.DefaultFileLockManager] Waiting to acquire shared lock on daemon addresses registry.
2023-11-05T21:57:38.975+0700 [DEBUG] [org.gradle.cache.internal.DefaultFileLockManager] Lock acquired on daemon addresses registry.
2023-11-05T21:57:38.975+0700 [DEBUG] [org.gradle.cache.internal.DefaultFileLockManager] Releasing lock on daemon addresses registry.
2023-11-05T21:57:39.167+0700 [DEBUG] [org.gradle.internal.remote.internal.inet.TcpIncomingConnector] Accepted connection from /127.0.0.1:51719 to /127.0.0.1:51430.
2023-11-05T21:57:39.172+0700 [DEBUG] [org.gradle.launcher.daemon.server.SynchronizedDispatchConnection] thread 247: received class org.gradle.launcher.daemon.protocol.Build
2023-11-05T21:57:39.173+0700 [DEBUG] [org.gradle.launcher.daemon.server.DefaultDaemonConnection] thread 247: Received non-IO message from client: Build{id=c82cbb3a-15fb-4099-8fb1-057bb057ca2f, currentDir=C:\Users\mavie\AndroidStudioProjects\New folder\Nhom6-123LTTD02\LockMoney}
2023-11-05T21:57:39.173+0700 [INFO] [org.gradle.launcher.daemon.server.DefaultIncomingConnectionHandler] Received command: Build{id=c82cbb3a-15fb-4099-8fb1-057bb057ca2f, currentDir=C:\Users\mavie\AndroidStudioProjects\New folder\Nhom6-123LTTD02\LockMoney}.
2023-11-05T21:57:39.173+0700 [DEBUG] [org.gradle.launcher.daemon.server.DefaultIncomingConnectionHandler] Starting executing command: Build{id=c82cbb3a-15fb-4099-8fb1-057bb057ca2f, currentDir=C:\Users\mavie\AndroidStudioProjects\New folder\Nhom6-123LTTD02\LockMoney} with connection: socket connection from /127.0.0.1:51430 to /127.0.0.1:51719.
2023-11-05T21:57:39.174+0700 [DEBUG] [org.gradle.launcher.daemon.server.DaemonStateCoordinator] Command execution: started DaemonCommandExecution[command = Build{id=c82cbb3a-15fb-4099-8fb1-057bb057ca2f, currentDir=C:\Users\mavie\AndroidStudioProjects\New folder\Nhom6-123LTTD02\LockMoney}, connection = DefaultDaemonConnection: socket connection from /127.0.0.1:51430 to /127.0.0.1:51719] after 3.0 minutes of idle
2023-11-05T21:57:39.174+0700 [INFO] [org.gradle.launcher.daemon.server.DaemonRegistryUpdater] Marking the daemon as busy, address: [7d8da0db-1bcb-4d4f-a906-f0530d0c9abc port:51430, addresses:[localhost/127.0.0.1]]
2023-11-05T21:57:39.174+0700 [DEBUG] [org.gradle.launcher.daemon.registry.PersistentDaemonRegistry] Marking busy by address: [7d8da0db-1bcb-4d4f-a906-f0530d0c9abc port:51430, addresses:[localhost/127.0.0.1]]
2023-11-05T21:57:39.175+0700 [DEBUG] [org.gradle.cache.internal.DefaultFileLockManager] Waiting to acquire exclusive lock on daemon addresses registry.
2023-11-05T21:57:39.175+0700 [DEBUG] [org.gradle.cache.internal.DefaultFileLockManager] Lock acquired on daemon addresses registry.
2023-11-05T21:57:39.176+0700 [DEBUG] [org.gradle.cache.internal.DefaultFileLockManager] Releasing lock on daemon addresses registry.
2023-11-05T21:57:39.177+0700 [DEBUG] [org.gradle.launcher.daemon.server.DaemonStateCoordinator] resetting idle timer
2023-11-05T21:57:39.177+0700 [DEBUG] [org.gradle.launcher.daemon.server.DaemonStateCoordinator] daemon is running. Sleeping until state changes.
2023-11-05T21:57:39.178+0700 [INFO] [org.gradle.launcher.daemon.server.exec.StartBuildOrRespondWithBusy] Daemon is about to start building Build{id=c82cbb3a-15fb-4099-8fb1-057bb057ca2f, currentDir=C:\Users\mavie\AndroidStudioProjects\New folder\Nhom6-123LTTD02\LockMoney}. Dispatching build started information...
2023-11-05T21:57:39.178+0700 [DEBUG] [org.gradle.launcher.daemon.server.SynchronizedDispatchConnection] thread 249: dispatching org.gradle.launcher.daemon.protocol.BuildStarted@2b5740fd
2023-11-05T21:57:39.179+0700 [DEBUG] [org.gradle.launcher.daemon.server.exec.EstablishBuildEnvironment] Configuring env variables: [USERDOMAIN_ROAMINGPROFILE, LOCALAPPDATA, PROCESSOR_LEVEL, USERDOMAIN, FPS_BROWSER_APP_PROFILE_STRING, LOGONSERVER, SESSIONNAME, ALLUSERSPROFILE, PROCESSOR_ARCHITECTURE, RlsSvcPort, PSModulePath, SystemDrive, OneDrive, PT8HOME, QT_DEVICE_PIXEL_RATIO, APPDATA, ACSvcPort, USERNAME, ProgramFiles(x86), ACSetupSvcPort, CommonProgramFiles, Path, FPS_BROWSER_USER_PROFILE_STRING, PATHEXT, DriverData, OS, COMPUTERNAME, PROCESSOR_REVISION, CommonProgramW6432, ComSpec, ProgramData, ProgramW6432, TEMP, HOMEPATH, SystemRoot, PROCESSOR_IDENTIFIER, HOMEDRIVE, USERPROFILE, TMP, CommonProgramFiles(x86), ProgramFiles, PUBLIC, windir, NUMBER_OF_PROCESSORS, =::, IDEA_INITIAL_DIRECTORY]
2023-11-05T21:57:39.179+0700 [DEBUG] [org.gradle.launcher.daemon.server.SynchronizedDispatchConnection] thread 247: received class org.gradle.launcher.daemon.protocol.CloseInput
2023-11-05T21:57:39.179+0700 [DEBUG] [org.gradle.launcher.daemon.server.DefaultDaemonConnection] thread 247: Received IO message from client: org.gradle.launcher.daemon.protocol.CloseInput@5fad7366
2023-11-05T21:57:39.180+0700 [DEBUG] [org.gradle.launcher.daemon.server.exec.LogToClient] About to start relaying all logs to the client via the connection.
2023-11-05T21:57:39.180+0700 [INFO] [org.gradle.launcher.daemon.server.exec.LogToClient] The client will now receive all logging from the daemon (pid: 18228). The daemon log file: C:\Users\mavie\AndroidStudioProjects\New folder\Nhom6-123LTTD02\LockMoney\daemon\8.0\daemon-18228.out.log
2023-11-05T21:57:39.183+0700 [INFO] [org.gradle.launcher.daemon.server.exec.LogAndCheckHealth] Starting 2nd build in daemon [uptime: 6 mins 20.569 secs, performance: 100%, GC rate: 0.00/s, heap usage: 0% of 2 GiB]
2023-11-05T21:57:39.183+0700 [DEBUG] [org.gradle.launcher.daemon.server.exec.ExecuteBuild] The daemon has started executing the build.
2023-11-05T21:57:39.183+0700 [INFO] [org.gradle.launcher.daemon.server.exec.ForwardClientInput] Closing daemon's stdin at end of input.
2023-11-05T21:57:39.184+0700 [INFO] [org.gradle.launcher.daemon.server.exec.ForwardClientInput] The daemon will no longer process any standard input.
2023-11-05T21:57:39.183+0700 [DEBUG] [org.gradle.launcher.daemon.server.exec.ExecuteBuild] Executing build with daemon context: DefaultDaemonContext[uid=e5804fb0-186f-48a0-a2e6-7cf18786f1e8,javaHome=C:\Program Files\Android\Android Studio\jbr,daemonRegistryDir=C:\Users\mavie\AndroidStudioProjects\New folder\Nhom6-123LTTD02\LockMoney\daemon,pid=18228,idleTimeout=10800000,priority=NORMAL,daemonOpts=--add-opens=java.base/java.util=ALL-UNNAMED,--add-opens=java.base/java.lang=ALL-UNNAMED,--add-opens=java.base/java.lang.invoke=ALL-UNNAMED,--add-opens=java.prefs/java.util.prefs=ALL-UNNAMED,--add-opens=java.base/java.nio.charset=ALL-UNNAMED,--add-opens=java.base/java.net=ALL-UNNAMED,--add-opens=java.base/java.util.concurrent.atomic=ALL-UNNAMED,-Xmx2048m,-Dfile.encoding=UTF-8,-Duser.country=US,-Duser.language=en,-Duser.variant]
AGPBI: {"kind":"error","text":"java.lang.InterruptedException","sources":[{}],"tool":"D8"}
com.android.builder.dexing.DexArchiveMergerException: Error while merging dex archives: 
	at com.android.builder.dexing.D8DexArchiveMerger.getMergingExceptionToRethrow(D8DexArchiveMerger.java:159)
	at com.android.builder.dexing.D8DexArchiveMerger.mergeDexArchives(D8DexArchiveMerger.java:147)
	at com.android.build.gradle.internal.tasks.DexMergingWorkAction.merge(DexMergingTask.kt:886)
	at com.android.build.gradle.internal.tasks.DexMergingWorkAction.run(DexMergingTask.kt:830)
	at com.android.build.gradle.internal.profile.ProfileAwareWorkAction.execute(ProfileAwareWorkAction.kt:74)
	at org.gradle.workers.internal.DefaultWorkerServer.execute(DefaultWorkerServer.java:63)
	at org.gradle.workers.internal.NoIsolationWorkerFactory$1$1.create(NoIsolationWorkerFactory.java:66)
	at org.gradle.workers.internal.NoIsolationWorkerFactory$1$1.create(NoIsolationWorkerFactory.java:62)
	at org.gradle.internal.classloader.ClassLoaderUtils.executeInClassloader(ClassLoaderUtils.java:100)
	at org.gradle.workers.internal.NoIsolationWorkerFactory$1.lambda$execute$0(NoIsolationWorkerFactory.java:62)
	at org.gradle.workers.internal.AbstractWorker$1.call(AbstractWorker.java:44)
	at org.gradle.workers.internal.AbstractWorker$1.call(AbstractWorker.java:41)
	at org.gradle.internal.operations.DefaultBuildOperationRunner$CallableBuildOperationWorker.execute(DefaultBuildOperationRunner.java:204)
	at org.gradle.internal.operations.DefaultBuildOperationRunner$CallableBuildOperationWorker.execute(DefaultBuildOperationRunner.java:199)
	at org.gradle.internal.operations.DefaultBuildOperationRunner$2.execute(DefaultBuildOperationRunner.java:66)
	at org.gradle.internal.operations.DefaultBuildOperationRunner$2.execute(DefaultBuildOperationRunner.java:59)
	at org.gradle.internal.operations.DefaultBuildOperationRunner.execute(DefaultBuildOperationRunner.java:157)
	at org.gradle.internal.operations.DefaultBuildOperationRunner.execute(DefaultBuildOperationRunner.java:59)
	at org.gradle.internal.operations.DefaultBuildOperationRunner.call(DefaultBuildOperationRunner.java:53)
	at org.gradle.internal.operations.DefaultBuildOperationExecutor.call(DefaultBuildOperationExecutor.java:73)
	at org.gradle.workers.internal.AbstractWorker.executeWrappedInBuildOperation(AbstractWorker.java:41)
	at org.gradle.workers.internal.NoIsolationWorkerFactory$1.execute(NoIsolationWorkerFactory.java:59)
	at org.gradle.workers.internal.DefaultWorkerExecutor.lambda$submitWork$0(DefaultWorkerExecutor.java:169)
	at java.base/java.util.concurrent.FutureTask.run(FutureTask.java:264)
	at org.gradle.internal.work.DefaultConditionalExecutionQueue$ExecutionRunner.runExecution(DefaultConditionalExecutionQueue.java:187)
	at org.gradle.internal.work.DefaultConditionalExecutionQueue$ExecutionRunner.access$700(DefaultConditionalExecutionQueue.java:120)
	at org.gradle.internal.work.DefaultConditionalExecutionQueue$ExecutionRunner$1.run(DefaultConditionalExecutionQueue.java:162)
	at org.gradle.internal.Factories$1.create(Factories.java:31)
	at org.gradle.internal.work.DefaultWorkerLeaseService.withLocks(DefaultWorkerLeaseService.java:249)
	at org.gradle.internal.work.DefaultWorkerLeaseService.runAsWorkerThread(DefaultWorkerLeaseService.java:109)
	at org.gradle.internal.work.DefaultWorkerLeaseService.runAsWorkerThread(DefaultWorkerLeaseService.java:114)
	at org.gradle.internal.work.DefaultConditionalExecutionQueue$ExecutionRunner.runBatch(DefaultConditionalExecutionQueue.java:157)
	at org.gradle.internal.work.DefaultConditionalExecutionQueue$ExecutionRunner.run(DefaultConditionalExecutionQueue.java:126)
	at java.base/java.util.concurrent.Executors$RunnableAdapter.call(Executors.java:539)
	at java.base/java.util.concurrent.FutureTask.run(FutureTask.java:264)
	at org.gradle.internal.concurrent.ExecutorPolicy$CatchAndRecordFailures.onExecute(ExecutorPolicy.java:64)
	at org.gradle.internal.concurrent.ManagedExecutorImpl$1.run(ManagedExecutorImpl.java:49)
	at java.base/java.util.concurrent.ThreadPoolExecutor.runWorker(ThreadPoolExecutor.java:1136)
	at java.base/java.util.concurrent.ThreadPoolExecutor$Worker.run(ThreadPoolExecutor.java:635)
	at java.base/java.lang.Thread.run(Thread.java:833)
Caused by: com.android.tools.r8.CompilationFailedException: Compilation failed to complete
	at Version.fakeStackEntry(Version_8.1.65.java:0)
	at com.android.tools.r8.M.a(R8_8.1.65_7e8ab44932dec35a466bd90911ed9398e51be2a1dc7e5abbd8e431ab4d7d8bad:5)
	at com.android.tools.r8.utils.R0.a(R8_8.1.65_7e8ab44932dec35a466bd90911ed9398e51be2a1dc7e5abbd8e431ab4d7d8bad:81)
	at com.android.tools.r8.utils.R0.a(R8_8.1.65_7e8ab44932dec35a466bd90911ed9398e51be2a1dc7e5abbd8e431ab4d7d8bad:32)
	at com.android.tools.r8.utils.R0.a(R8_8.1.65_7e8ab44932dec35a466bd90911ed9398e51be2a1dc7e5abbd8e431ab4d7d8bad:31)
	at com.android.tools.r8.utils.R0.b(R8_8.1.65_7e8ab44932dec35a466bd90911ed9398e51be2a1dc7e5abbd8e431ab4d7d8bad:2)
	at com.android.tools.r8.D8.run(R8_8.1.65_7e8ab44932dec35a466bd90911ed9398e51be2a1dc7e5abbd8e431ab4d7d8bad:11)
	at com.android.builder.dexing.D8DexArchiveMerger.mergeDexArchives(D8DexArchiveMerger.java:145)
	... 38 more
Caused by: java.lang.InterruptedException
	at java.base/java.util.concurrent.ForkJoinTask.reportExecutionException(ForkJoinTask.java:601)
	at java.base/java.util.concurrent.ForkJoinTask.get(ForkJoinTask.java:981)
	at com.android.tools.r8.utils.c3.a(R8_8.1.65_7e8ab44932dec35a466bd90911ed9398e51be2a1dc7e5abbd8e431ab4d7d8bad:14)
	at com.android.tools.r8.utils.c3.a(R8_8.1.65_7e8ab44932dec35a466bd90911ed9398e51be2a1dc7e5abbd8e431ab4d7d8bad:6)
	at com.android.tools.r8.utils.c3.a(R8_8.1.65_7e8ab44932dec35a466bd90911ed9398e51be2a1dc7e5abbd8e431ab4d7d8bad:5)
	at com.android.tools.r8.dex.k.a(R8_8.1.65_7e8ab44932dec35a466bd90911ed9398e51be2a1dc7e5abbd8e431ab4d7d8bad:92)
	at com.android.tools.r8.dex.k.a(R8_8.1.65_7e8ab44932dec35a466bd90911ed9398e51be2a1dc7e5abbd8e431ab4d7d8bad:188)
	at com.android.tools.r8.D8.d(R8_8.1.65_7e8ab44932dec35a466bd90911ed9398e51be2a1dc7e5abbd8e431ab4d7d8bad:149)
	at com.android.tools.r8.D8.b(R8_8.1.65_7e8ab44932dec35a466bd90911ed9398e51be2a1dc7e5abbd8e431ab4d7d8bad:1)
	at com.android.tools.r8.utils.R0.a(R8_8.1.65_7e8ab44932dec35a466bd90911ed9398e51be2a1dc7e5abbd8e431ab4d7d8bad:28)
	... 41 more
	Suppressed: java.lang.RuntimeException: Interrupted while waiting for future.
		at com.android.tools.r8.utils.c3.a(R8_8.1.65_7e8ab44932dec35a466bd90911ed9398e51be2a1dc7e5abbd8e431ab4d7d8bad:25)
		... 48 more
	Caused by: [CIRCULAR REFERENCE: java.lang.InterruptedException]

Daemon will be stopped at the end of the build stop command received
Daemon vm is shutting down... The daemon has exited normally or was terminated in response to a user interrupt.
